\BOOKMARK [1][-]{section.1}{Analisi preliminare}{}% 1
\BOOKMARK [1][-]{section.2}{Homepage}{}% 2
\BOOKMARK [2][-]{subsection.2.1}{I 6 assi informativi}{section.2}% 3
\BOOKMARK [3][-]{subsubsection.2.1.1}{Where - "A che sito sono arrivato?"}{subsection.2.1}% 4
\BOOKMARK [3][-]{subsubsection.2.1.2}{Who - "Chi c'\350 dietro al sito?"}{subsection.2.1}% 5
\BOOKMARK [3][-]{subsubsection.2.1.3}{Why - "Perch\351 dovrei dare la mia fiducia? Che benefici mi d\340?"}{subsection.2.1}% 6
\BOOKMARK [3][-]{subsubsection.2.1.4}{What - "Che cosa offre il sito?"}{subsection.2.1}% 7
\BOOKMARK [3][-]{subsubsection.2.1.5}{When - "C'\350 qualche novit\340?"}{subsection.2.1}% 8
\BOOKMARK [3][-]{subsubsection.2.1.6}{How - "Come faccio a fare le cose?"}{subsection.2.1}% 9
\BOOKMARK [1][-]{section.3}{Dominio}{}% 10
\BOOKMARK [1][-]{section.4}{Navigazione}{}% 11
\BOOKMARK [1][-]{section.5}{Men\371}{}% 12
\BOOKMARK [1][-]{section.6}{Ricerca}{}% 13
\BOOKMARK [1][-]{section.7}{Pubblicit\340}{}% 14
\BOOKMARK [1][-]{section.8}{Mobile}{}% 15
\BOOKMARK [1][-]{section.9}{Altra pagina del sito}{}% 16
\BOOKMARK [2][-]{subsection.9.1}{Lista anime A-Z}{section.9}% 17
\BOOKMARK [2][-]{subsection.9.2}{Anime in corso}{section.9}% 18
\BOOKMARK [2][-]{subsection.9.3}{Anime con uscita irregolare}{section.9}% 19
\BOOKMARK [2][-]{subsection.9.4}{Ultime serie}{section.9}% 20
\BOOKMARK [2][-]{subsection.9.5}{Contacts}{section.9}% 21
\BOOKMARK [1][-]{section.10}{Errore 404}{}% 22
\BOOKMARK [1][-]{section.11}{Conclusioni}{}% 23
